g++ -std=c++14 -O2 -lm -Wall q6_interpolation.cpp io.cpp list_creator.cpp -o q6_interpolation
FIRST ELEMENT BILLION STRESS TEST
./q6_interpolation 10 1 1000000000
Element "1" found at position "1"!
Time on Stress Loop: 10.593585 s
================================
./q6_interpolation 25 1 1000000000
Element "1" found at position "1"!
Time on Stress Loop: 10.578158 s
================================
./q6_interpolation 50 1 1000000000
Element "1" found at position "1"!
Time on Stress Loop: 10.645375 s
================================
./q6_interpolation 100 1 1000000000
Element "1" found at position "1"!
Time on Stress Loop: 10.500079 s
================================
./q6_interpolation 500 1 1000000000
Element "1" found at position "1"!
Time on Stress Loop: 10.504531 s
================================
./q6_interpolation 1000 1 1000000000
Element "1" found at position "1"!
Time on Stress Loop: 10.542638 s
================================
./q6_interpolation 10000 1 1000000000
Element "1" found at position "1"!
Time on Stress Loop: 10.556321 s
================================
./q6_interpolation 100000 1 1000000000
Element "1" found at position "1"!
Time on Stress Loop: 10.548887 s
================================
./q6_interpolation 1000000 1 1000000000
Element "1" found at position "1"!
Time on Stress Loop: 10.612798 s
================================
